<?xml version="1.0" encoding="UTF-8"?>
<testng-results ignored="0" total="1" passed="1" failed="0" skipped="0">
  <reporter-output>
  </reporter-output>
  <suite started-at="2023-11-02T15:08:45 IST" name="Default suite" finished-at="2023-11-02T15:08:46 IST" duration-ms="77">
    <groups>
    </groups>
    <test started-at="2023-11-02T15:08:45 IST" name="Default test" finished-at="2023-11-02T15:08:46 IST" duration-ms="77">
      <class name="RecentlyPlayedStoreTest">
        <test-method is-config="true" signature="setUp()[pri:0, instance:RecentlyPlayedStoreTest@485966cc]" started-at="2023-11-02T15:08:45 IST" name="setUp" finished-at="2023-11-02T15:08:45 IST" duration-ms="9" status="PASS">
          <reporter-output>
          </reporter-output>
        </test-method> <!-- setUp -->
        <test-method signature="testRecentlyPlayedSongs()[pri:0, instance:RecentlyPlayedStoreTest@485966cc]" started-at="2023-11-02T15:08:46 IST" name="testRecentlyPlayedSongs" finished-at="2023-11-02T15:08:46 IST" duration-ms="9" status="PASS">
          <reporter-output>
          </reporter-output>
        </test-method> <!-- testRecentlyPlayedSongs -->
      </class> <!-- RecentlyPlayedStoreTest -->
    </test> <!-- Default test -->
  </suite> <!-- Default suite -->
</testng-results>
